2023-02-18 17:05:04.134  INFO 2084 --- [restartedMain] i.g.o.msclientes.MsclientesApplication   : Starting MsclientesApplication using Java 11.0.10 on DESKTOP-3BFBE92 with PID 2084 (P:\DESENVOLVIMENTO JAVA\2023_02\msclientes\target\classes started by Ailton in P:\DESENVOLVIMENTO JAVA\2023_02\msclientes)
2023-02-18 17:05:04.135  INFO 2084 --- [restartedMain] i.g.o.msclientes.MsclientesApplication   : No active profile set, falling back to 1 default profile: "default"
2023-02-18 17:05:04.185  INFO 2084 --- [restartedMain] .e.DevToolsPropertyDefaultsPostProcessor : Devtools property defaults active! Set 'spring.devtools.add-properties' to 'false' to disable
2023-02-18 17:05:04.185  INFO 2084 --- [restartedMain] .e.DevToolsPropertyDefaultsPostProcessor : For additional web related logging consider setting the 'logging.level.web' property to 'DEBUG'
2023-02-18 17:05:05.148  INFO 2084 --- [restartedMain] .s.d.r.c.RepositoryConfigurationDelegate : Bootstrapping Spring Data JPA repositories in DEFAULT mode.
2023-02-18 17:05:05.343  INFO 2084 --- [restartedMain] .s.d.r.c.RepositoryConfigurationDelegate : Finished Spring Data repository scanning in 185 ms. Found 1 JPA repository interfaces.
2023-02-18 17:05:05.645  INFO 2084 --- [restartedMain] o.s.cloud.context.scope.GenericScope     : BeanFactory id=e2457a69-eedd-3a07-acf7-3245cf98ea59
2023-02-18 17:05:07.062  INFO 2084 --- [restartedMain] o.s.b.w.embedded.tomcat.TomcatWebServer  : Tomcat initialized with port(s): 0 (http)
2023-02-18 17:05:07.076  INFO 2084 --- [restartedMain] o.apache.catalina.core.StandardService   : Starting service [Tomcat]
2023-02-18 17:05:07.077  INFO 2084 --- [restartedMain] org.apache.catalina.core.StandardEngine  : Starting Servlet engine: [Apache Tomcat/9.0.71]
2023-02-18 17:05:07.203  INFO 2084 --- [restartedMain] o.a.c.c.C.[Tomcat].[localhost].[/]       : Initializing Spring embedded WebApplicationContext
2023-02-18 17:05:07.204  INFO 2084 --- [restartedMain] w.s.c.ServletWebServerApplicationContext : Root WebApplicationContext: initialization completed in 3017 ms
2023-02-18 17:05:07.373  INFO 2084 --- [restartedMain] com.zaxxer.hikari.HikariDataSource       : HikariPool-1 - Starting...
2023-02-18 17:05:07.617  INFO 2084 --- [restartedMain] com.zaxxer.hikari.HikariDataSource       : HikariPool-1 - Start completed.
2023-02-18 17:05:07.630  INFO 2084 --- [restartedMain] o.s.b.a.h2.H2ConsoleAutoConfiguration    : H2 console available at '/h2-console'. Database available at 'jdbc:h2:mem:d6568b65-3dfb-48be-9bb3-d80a5f774d8d'
2023-02-18 17:05:07.865  INFO 2084 --- [restartedMain] o.hibernate.jpa.internal.util.LogHelper  : HHH000204: Processing PersistenceUnitInfo [name: default]
2023-02-18 17:05:07.923  INFO 2084 --- [restartedMain] org.hibernate.Version                    : HHH000412: Hibernate ORM core version 5.6.14.Final
2023-02-18 17:05:08.109  INFO 2084 --- [restartedMain] o.hibernate.annotations.common.Version   : HCANN000001: Hibernate Commons Annotations {5.1.2.Final}
2023-02-18 17:05:08.334  INFO 2084 --- [restartedMain] org.hibernate.dialect.Dialect            : HHH000400: Using dialect: org.hibernate.dialect.H2Dialect
2023-02-18 17:05:08.934  INFO 2084 --- [restartedMain] o.h.e.t.j.p.i.JtaPlatformInitiator       : HHH000490: Using JtaPlatform implementation: [org.hibernate.engine.transaction.jta.platform.internal.NoJtaPlatform]
2023-02-18 17:05:08.944  INFO 2084 --- [restartedMain] j.LocalContainerEntityManagerFactoryBean : Initialized JPA EntityManagerFactory for persistence unit 'default'
2023-02-18 17:05:09.377  WARN 2084 --- [restartedMain] JpaBaseConfiguration$JpaWebConfiguration : spring.jpa.open-in-view is enabled by default. Therefore, database queries may be performed during view rendering. Explicitly configure spring.jpa.open-in-view to disable this warning
2023-02-18 17:05:11.046  INFO 2084 --- [restartedMain] o.s.b.d.a.OptionalLiveReloadServer       : LiveReload server is running on port 35729
2023-02-18 17:05:12.152  INFO 2084 --- [restartedMain] DiscoveryClientOptionalArgsConfiguration : Eureka HTTP Client uses RestTemplate.
2023-02-18 17:05:12.215  WARN 2084 --- [restartedMain] iguration$LoadBalancerCaffeineWarnLogger : Spring Cloud LoadBalancer is currently working with the default cache. While this cache implementation is useful for development and tests, it's recommended to use Caffeine cache in production.You can switch to using Caffeine cache, by adding it and org.springframework.cache.caffeine.CaffeineCacheManager to the classpath.
2023-02-18 17:05:12.221  INFO 2084 --- [restartedMain] o.s.b.a.e.web.EndpointLinksResolver      : Exposing 17 endpoint(s) beneath base path '/actuator'
2023-02-18 17:05:12.273  INFO 2084 --- [restartedMain] o.s.b.w.embedded.tomcat.TomcatWebServer  : Tomcat started on port(s): 59321 (http) with context path ''
2023-02-18 17:05:12.275  INFO 2084 --- [restartedMain] .s.c.n.e.s.EurekaAutoServiceRegistration : Updating port to 59321
2023-02-18 17:05:12.280  INFO 2084 --- [restartedMain] o.s.c.n.eureka.InstanceInfoFactory       : Setting initial instance status as: STARTING
2023-02-18 17:05:12.356  INFO 2084 --- [restartedMain] com.netflix.discovery.DiscoveryClient    : Initializing Eureka in region us-east-1
2023-02-18 17:05:12.362  INFO 2084 --- [restartedMain] c.n.d.s.r.aws.ConfigClusterResolver      : Resolving eureka endpoints via configuration
2023-02-18 17:05:12.393  INFO 2084 --- [restartedMain] com.netflix.discovery.DiscoveryClient    : Disable delta property : false
2023-02-18 17:05:12.393  INFO 2084 --- [restartedMain] com.netflix.discovery.DiscoveryClient    : Single vip registry refresh property : null
2023-02-18 17:05:12.393  INFO 2084 --- [restartedMain] com.netflix.discovery.DiscoveryClient    : Force full registry fetch : false
2023-02-18 17:05:12.394  INFO 2084 --- [restartedMain] com.netflix.discovery.DiscoveryClient    : Application is null : false
2023-02-18 17:05:12.394  INFO 2084 --- [restartedMain] com.netflix.discovery.DiscoveryClient    : Registered Applications size is zero : true
2023-02-18 17:05:12.394  INFO 2084 --- [restartedMain] com.netflix.discovery.DiscoveryClient    : Application version is -1: true
2023-02-18 17:05:12.394  INFO 2084 --- [restartedMain] com.netflix.discovery.DiscoveryClient    : Getting all instance registry info from the eureka server
2023-02-18 17:05:12.805  INFO 2084 --- [restartedMain] com.netflix.discovery.DiscoveryClient    : The response status is 200
2023-02-18 17:05:12.806  INFO 2084 --- [restartedMain] com.netflix.discovery.DiscoveryClient    : Starting heartbeat executor: renew interval is: 30
2023-02-18 17:05:12.809  INFO 2084 --- [restartedMain] c.n.discovery.InstanceInfoReplicator     : InstanceInfoReplicator onDemand update allowed rate per min is 4
2023-02-18 17:05:12.815  INFO 2084 --- [restartedMain] com.netflix.discovery.DiscoveryClient    : Discovery Client initialized at timestamp 1676750712813 with initial instances count: 0
2023-02-18 17:05:12.817  INFO 2084 --- [restartedMain] o.s.c.n.e.s.EurekaServiceRegistry        : Registering application MSCLIENTES with eureka with status UP
2023-02-18 17:05:12.818  INFO 2084 --- [restartedMain] com.netflix.discovery.DiscoveryClient    : Saw local status change event StatusChangeEvent [timestamp=1676750712818, current=UP, previous=STARTING]
2023-02-18 17:05:12.821  INFO 2084 --- [DiscoveryClient-InstanceInfoReplicator-0] com.netflix.discovery.DiscoveryClient    : DiscoveryClient_MSCLIENTES/msclientes:6250df10071c60abe861bce9a068bf5d: registering service...
2023-02-18 17:05:12.933  INFO 2084 --- [DiscoveryClient-InstanceInfoReplicator-0] com.netflix.discovery.DiscoveryClient    : DiscoveryClient_MSCLIENTES/msclientes:6250df10071c60abe861bce9a068bf5d - registration status: 204
2023-02-18 17:05:13.978  INFO 2084 --- [restartedMain] i.g.o.msclientes.MsclientesApplication   : Started MsclientesApplication in 11.619 seconds (JVM running for 12.367)
2023-02-18 17:05:42.808  INFO 2084 --- [DiscoveryClient-CacheRefreshExecutor-0] com.netflix.discovery.DiscoveryClient    : Disable delta property : false
2023-02-18 17:05:42.809  INFO 2084 --- [DiscoveryClient-CacheRefreshExecutor-0] com.netflix.discovery.DiscoveryClient    : Single vip registry refresh property : null
2023-02-18 17:05:42.809  INFO 2084 --- [DiscoveryClient-CacheRefreshExecutor-0] com.netflix.discovery.DiscoveryClient    : Force full registry fetch : false
2023-02-18 17:05:42.809  INFO 2084 --- [DiscoveryClient-CacheRefreshExecutor-0] com.netflix.discovery.DiscoveryClient    : Application is null : false
2023-02-18 17:05:42.809  INFO 2084 --- [DiscoveryClient-CacheRefreshExecutor-0] com.netflix.discovery.DiscoveryClient    : Registered Applications size is zero : true
2023-02-18 17:05:42.809  INFO 2084 --- [DiscoveryClient-CacheRefreshExecutor-0] com.netflix.discovery.DiscoveryClient    : Application version is -1: false
2023-02-18 17:05:42.809  INFO 2084 --- [DiscoveryClient-CacheRefreshExecutor-0] com.netflix.discovery.DiscoveryClient    : Getting all instance registry info from the eureka server
2023-02-18 17:05:42.832  INFO 2084 --- [DiscoveryClient-CacheRefreshExecutor-0] com.netflix.discovery.DiscoveryClient    : The response status is 200
2023-02-18 17:05:47.062  INFO 2084 --- [http-nio-auto-1-exec-1] o.a.c.c.C.[Tomcat].[localhost].[/]       : Initializing Spring DispatcherServlet 'dispatcherServlet'
2023-02-18 17:05:47.062  INFO 2084 --- [http-nio-auto-1-exec-1] o.s.web.servlet.DispatcherServlet        : Initializing Servlet 'dispatcherServlet'
2023-02-18 17:05:47.063  INFO 2084 --- [http-nio-auto-1-exec-1] o.s.web.servlet.DispatcherServlet        : Completed initialization in 1 ms
2023-02-18 17:10:12.409  INFO 2084 --- [AsyncResolver-bootstrap-executor-0] c.n.d.s.r.aws.ConfigClusterResolver      : Resolving eureka endpoints via configuration
2023-02-18 17:14:38.072  INFO 2084 --- [http-nio-auto-1-exec-8] o.apache.coyote.http11.Http11Processor   : Error parsing HTTP request header
 Note: further occurrences of HTTP request parsing errors will be logged at DEBUG level.

java.lang.IllegalArgumentException: Invalid character found in the request target [0xcb0x930x880x7f0x080xbd0xa0K0xb90x14r0x870xe2B0x9a0xa80x830xab0xba0x8c0xc10xab0x000x000x000x000xb60xd50xb20xa20xbb0x880x830xab0xba0x8c0xc20xa30xf2o0x1eI0xd90xbaL0xdb0x100x8c0xc10xab0xba0x8c0xea0x800xba0x8c0xc10xab0x920x8c0xc10xab0xba0x8c0xc10xab0xba0x8c0xc10xab0xba0x8c0xc10xab0xbb0x8d0xc10xab0xba0x8c0xd70xab0xba0x8c0xc10xab0xba0x8c0xc10xab0xba0x8c0xc10xab0xba0x8c0xc10xab0xba0x8c0xc50xab0xba0x8c0xc10xab0xba0x8c0xc10xab0x040x00...]. The valid characters are defined in RFC 7230 and RFC 3986
	at org.apache.coyote.http11.Http11InputBuffer.parseRequestLine(Http11InputBuffer.java:502) ~[tomcat-embed-core-9.0.71.jar:9.0.71]
	at org.apache.coyote.http11.Http11Processor.service(Http11Processor.java:271) ~[tomcat-embed-core-9.0.71.jar:9.0.71]
	at org.apache.coyote.AbstractProcessorLight.process(AbstractProcessorLight.java:65) ~[tomcat-embed-core-9.0.71.jar:9.0.71]
	at org.apache.coyote.AbstractProtocol$ConnectionHandler.process(AbstractProtocol.java:891) ~[tomcat-embed-core-9.0.71.jar:9.0.71]
	at org.apache.tomcat.util.net.NioEndpoint$SocketProcessor.doRun(NioEndpoint.java:1784) ~[tomcat-embed-core-9.0.71.jar:9.0.71]
	at org.apache.tomcat.util.net.SocketProcessorBase.run(SocketProcessorBase.java:49) ~[tomcat-embed-core-9.0.71.jar:9.0.71]
	at org.apache.tomcat.util.threads.ThreadPoolExecutor.runWorker(ThreadPoolExecutor.java:1191) ~[tomcat-embed-core-9.0.71.jar:9.0.71]
	at org.apache.tomcat.util.threads.ThreadPoolExecutor$Worker.run(ThreadPoolExecutor.java:659) ~[tomcat-embed-core-9.0.71.jar:9.0.71]
	at org.apache.tomcat.util.threads.TaskThread$WrappingRunnable.run(TaskThread.java:61) ~[tomcat-embed-core-9.0.71.jar:9.0.71]
	at java.base/java.lang.Thread.run(Thread.java:834) ~[na:na]

2023-02-18 17:15:12.424  INFO 2084 --- [AsyncResolver-bootstrap-executor-0] c.n.d.s.r.aws.ConfigClusterResolver      : Resolving eureka endpoints via configuration
2023-02-18 17:15:16.239  INFO 2084 --- [SpringApplicationShutdownHook] o.s.c.n.e.s.EurekaServiceRegistry        : Unregistering application MSCLIENTES with eureka with status DOWN
2023-02-18 17:15:16.239  INFO 2084 --- [SpringApplicationShutdownHook] com.netflix.discovery.DiscoveryClient    : Saw local status change event StatusChangeEvent [timestamp=1676751316239, current=DOWN, previous=UP]
2023-02-18 17:15:16.240  INFO 2084 --- [DiscoveryClient-InstanceInfoReplicator-0] com.netflix.discovery.DiscoveryClient    : DiscoveryClient_MSCLIENTES/msclientes:6250df10071c60abe861bce9a068bf5d: registering service...
2023-02-18 17:15:16.249  INFO 2084 --- [DiscoveryClient-InstanceInfoReplicator-0] com.netflix.discovery.DiscoveryClient    : DiscoveryClient_MSCLIENTES/msclientes:6250df10071c60abe861bce9a068bf5d - registration status: 204
2023-02-18 17:15:16.969  INFO 2084 --- [SpringApplicationShutdownHook] j.LocalContainerEntityManagerFactoryBean : Closing JPA EntityManagerFactory for persistence unit 'default'
2023-02-18 17:15:16.970  INFO 2084 --- [SpringApplicationShutdownHook] .SchemaDropperImpl$DelayedDropActionImpl : HHH000477: Starting delayed evictData of schema as part of SessionFactory shut-down'
2023-02-18 17:15:17.188  WARN 2084 --- [SpringApplicationShutdownHook] o.s.b.f.support.DisposableBeanAdapter    : Invocation of destroy method failed on bean with name 'inMemoryDatabaseShutdownExecutor': org.h2.jdbc.JdbcSQLNonTransientConnectionException: Database is already closed (to disable automatic closing at VM shutdown, add ";DB_CLOSE_ON_EXIT=FALSE" to the db URL) [90121-214]
2023-02-18 17:15:17.189  INFO 2084 --- [SpringApplicationShutdownHook] com.zaxxer.hikari.HikariDataSource       : HikariPool-1 - Shutdown initiated...
2023-02-18 17:15:17.195  INFO 2084 --- [SpringApplicationShutdownHook] com.zaxxer.hikari.HikariDataSource       : HikariPool-1 - Shutdown completed.
2023-02-18 17:15:17.196  INFO 2084 --- [SpringApplicationShutdownHook] com.netflix.discovery.DiscoveryClient    : Shutting down DiscoveryClient ...
2023-02-18 17:15:20.207  INFO 2084 --- [SpringApplicationShutdownHook] com.netflix.discovery.DiscoveryClient    : Unregistering ...
2023-02-18 17:15:20.223  INFO 2084 --- [SpringApplicationShutdownHook] com.netflix.discovery.DiscoveryClient    : DiscoveryClient_MSCLIENTES/msclientes:6250df10071c60abe861bce9a068bf5d - deregister  status: 200
2023-02-18 17:15:20.231  INFO 2084 --- [SpringApplicationShutdownHook] com.netflix.discovery.DiscoveryClient    : Completed shut down of DiscoveryClient
2023-02-18 17:23:31.224  INFO 18780 --- [restartedMain] i.g.o.msclientes.MsclientesApplication   : Starting MsclientesApplication using Java 11.0.10 on DESKTOP-3BFBE92 with PID 18780 (P:\DESENVOLVIMENTO JAVA\2023_02\msclientes\target\classes started by Ailton in P:\DESENVOLVIMENTO JAVA\2023_02\msclientes)
2023-02-18 17:23:31.226  INFO 18780 --- [restartedMain] i.g.o.msclientes.MsclientesApplication   : No active profile set, falling back to 1 default profile: "default"
2023-02-18 17:23:31.277  INFO 18780 --- [restartedMain] .e.DevToolsPropertyDefaultsPostProcessor : Devtools property defaults active! Set 'spring.devtools.add-properties' to 'false' to disable
2023-02-18 17:23:31.278  INFO 18780 --- [restartedMain] .e.DevToolsPropertyDefaultsPostProcessor : For additional web related logging consider setting the 'logging.level.web' property to 'DEBUG'
2023-02-18 17:23:32.484  INFO 18780 --- [restartedMain] .s.d.r.c.RepositoryConfigurationDelegate : Bootstrapping Spring Data JPA repositories in DEFAULT mode.
2023-02-18 17:23:32.710  INFO 18780 --- [restartedMain] .s.d.r.c.RepositoryConfigurationDelegate : Finished Spring Data repository scanning in 213 ms. Found 1 JPA repository interfaces.
2023-02-18 17:23:33.071  INFO 18780 --- [restartedMain] o.s.cloud.context.scope.GenericScope     : BeanFactory id=34e9ea1b-20e1-32ab-b7f5-8882fff4dfec
2023-02-18 17:23:35.412  INFO 18780 --- [restartedMain] o.s.b.w.embedded.tomcat.TomcatWebServer  : Tomcat initialized with port(s): 0 (http)
2023-02-18 17:23:35.434  INFO 18780 --- [restartedMain] o.apache.catalina.core.StandardService   : Starting service [Tomcat]
2023-02-18 17:23:35.435  INFO 18780 --- [restartedMain] org.apache.catalina.core.StandardEngine  : Starting Servlet engine: [Apache Tomcat/9.0.71]
2023-02-18 17:23:35.690  INFO 18780 --- [restartedMain] o.a.c.c.C.[Tomcat].[localhost].[/]       : Initializing Spring embedded WebApplicationContext
2023-02-18 17:23:35.690  INFO 18780 --- [restartedMain] w.s.c.ServletWebServerApplicationContext : Root WebApplicationContext: initialization completed in 4411 ms
2023-02-18 17:23:36.036  INFO 18780 --- [restartedMain] com.zaxxer.hikari.HikariDataSource       : HikariPool-1 - Starting...
2023-02-18 17:23:36.593  INFO 18780 --- [restartedMain] com.zaxxer.hikari.HikariDataSource       : HikariPool-1 - Start completed.
2023-02-18 17:23:36.618  INFO 18780 --- [restartedMain] o.s.b.a.h2.H2ConsoleAutoConfiguration    : H2 console available at '/h2-console'. Database available at 'jdbc:h2:mem:3bcf9a87-6f87-4b56-86d3-0fd68588d617'
2023-02-18 17:23:37.252  INFO 18780 --- [restartedMain] o.hibernate.jpa.internal.util.LogHelper  : HHH000204: Processing PersistenceUnitInfo [name: default]
2023-02-18 17:23:37.358  INFO 18780 --- [restartedMain] org.hibernate.Version                    : HHH000412: Hibernate ORM core version 5.6.14.Final
2023-02-18 17:23:37.772  INFO 18780 --- [restartedMain] o.hibernate.annotations.common.Version   : HCANN000001: Hibernate Commons Annotations {5.1.2.Final}
2023-02-18 17:23:38.017  INFO 18780 --- [restartedMain] org.hibernate.dialect.Dialect            : HHH000400: Using dialect: org.hibernate.dialect.H2Dialect
2023-02-18 17:23:38.951  INFO 18780 --- [restartedMain] o.h.e.t.j.p.i.JtaPlatformInitiator       : HHH000490: Using JtaPlatform implementation: [org.hibernate.engine.transaction.jta.platform.internal.NoJtaPlatform]
2023-02-18 17:23:38.962  INFO 18780 --- [restartedMain] j.LocalContainerEntityManagerFactoryBean : Initialized JPA EntityManagerFactory for persistence unit 'default'
2023-02-18 17:23:40.055  WARN 18780 --- [restartedMain] JpaBaseConfiguration$JpaWebConfiguration : spring.jpa.open-in-view is enabled by default. Therefore, database queries may be performed during view rendering. Explicitly configure spring.jpa.open-in-view to disable this warning
2023-02-18 17:23:43.142  INFO 18780 --- [restartedMain] o.s.b.d.a.OptionalLiveReloadServer       : LiveReload server is running on port 35729
2023-02-18 17:23:44.737  INFO 18780 --- [restartedMain] DiscoveryClientOptionalArgsConfiguration : Eureka HTTP Client uses RestTemplate.
2023-02-18 17:23:44.865  WARN 18780 --- [restartedMain] iguration$LoadBalancerCaffeineWarnLogger : Spring Cloud LoadBalancer is currently working with the default cache. While this cache implementation is useful for development and tests, it's recommended to use Caffeine cache in production.You can switch to using Caffeine cache, by adding it and org.springframework.cache.caffeine.CaffeineCacheManager to the classpath.
2023-02-18 17:23:44.875  INFO 18780 --- [restartedMain] o.s.b.a.e.web.EndpointLinksResolver      : Exposing 17 endpoint(s) beneath base path '/actuator'
2023-02-18 17:23:44.951  INFO 18780 --- [restartedMain] o.s.b.w.embedded.tomcat.TomcatWebServer  : Tomcat started on port(s): 53747 (http) with context path ''
2023-02-18 17:23:44.953  INFO 18780 --- [restartedMain] .s.c.n.e.s.EurekaAutoServiceRegistration : Updating port to 53747
2023-02-18 17:23:44.960  INFO 18780 --- [restartedMain] o.s.c.n.eureka.InstanceInfoFactory       : Setting initial instance status as: STARTING
2023-02-18 17:23:45.054  INFO 18780 --- [restartedMain] com.netflix.discovery.DiscoveryClient    : Initializing Eureka in region us-east-1
2023-02-18 17:23:45.063  INFO 18780 --- [restartedMain] c.n.d.s.r.aws.ConfigClusterResolver      : Resolving eureka endpoints via configuration
2023-02-18 17:23:45.110  INFO 18780 --- [restartedMain] com.netflix.discovery.DiscoveryClient    : Disable delta property : false
2023-02-18 17:23:45.110  INFO 18780 --- [restartedMain] com.netflix.discovery.DiscoveryClient    : Single vip registry refresh property : null
2023-02-18 17:23:45.110  INFO 18780 --- [restartedMain] com.netflix.discovery.DiscoveryClient    : Force full registry fetch : false
2023-02-18 17:23:45.110  INFO 18780 --- [restartedMain] com.netflix.discovery.DiscoveryClient    : Application is null : false
2023-02-18 17:23:45.111  INFO 18780 --- [restartedMain] com.netflix.discovery.DiscoveryClient    : Registered Applications size is zero : true
2023-02-18 17:23:45.111  INFO 18780 --- [restartedMain] com.netflix.discovery.DiscoveryClient    : Application version is -1: true
2023-02-18 17:23:45.111  INFO 18780 --- [restartedMain] com.netflix.discovery.DiscoveryClient    : Getting all instance registry info from the eureka server
2023-02-18 17:23:45.621  INFO 18780 --- [restartedMain] com.netflix.discovery.DiscoveryClient    : The response status is 200
2023-02-18 17:23:45.623  INFO 18780 --- [restartedMain] com.netflix.discovery.DiscoveryClient    : Starting heartbeat executor: renew interval is: 30
2023-02-18 17:23:45.626  INFO 18780 --- [restartedMain] c.n.discovery.InstanceInfoReplicator     : InstanceInfoReplicator onDemand update allowed rate per min is 4
2023-02-18 17:23:45.632  INFO 18780 --- [restartedMain] com.netflix.discovery.DiscoveryClient    : Discovery Client initialized at timestamp 1676751825631 with initial instances count: 0
2023-02-18 17:23:45.634  INFO 18780 --- [restartedMain] o.s.c.n.e.s.EurekaServiceRegistry        : Registering application MSCLIENTES with eureka with status UP
2023-02-18 17:23:45.635  INFO 18780 --- [restartedMain] com.netflix.discovery.DiscoveryClient    : Saw local status change event StatusChangeEvent [timestamp=1676751825635, current=UP, previous=STARTING]
2023-02-18 17:23:45.637  INFO 18780 --- [DiscoveryClient-InstanceInfoReplicator-0] com.netflix.discovery.DiscoveryClient    : DiscoveryClient_MSCLIENTES/msclientes:0b0c8ba496b31f59e716e19ef408170d: registering service...
2023-02-18 17:23:45.756  INFO 18780 --- [DiscoveryClient-InstanceInfoReplicator-0] com.netflix.discovery.DiscoveryClient    : DiscoveryClient_MSCLIENTES/msclientes:0b0c8ba496b31f59e716e19ef408170d - registration status: 204
2023-02-18 17:23:46.787  INFO 18780 --- [restartedMain] i.g.o.msclientes.MsclientesApplication   : Started MsclientesApplication in 17.303 seconds (JVM running for 18.165)
2023-02-18 17:24:15.632  INFO 18780 --- [DiscoveryClient-CacheRefreshExecutor-0] com.netflix.discovery.DiscoveryClient    : Disable delta property : false
2023-02-18 17:24:15.632  INFO 18780 --- [DiscoveryClient-CacheRefreshExecutor-0] com.netflix.discovery.DiscoveryClient    : Single vip registry refresh property : null
2023-02-18 17:24:15.633  INFO 18780 --- [DiscoveryClient-CacheRefreshExecutor-0] com.netflix.discovery.DiscoveryClient    : Force full registry fetch : false
2023-02-18 17:24:15.633  INFO 18780 --- [DiscoveryClient-CacheRefreshExecutor-0] com.netflix.discovery.DiscoveryClient    : Application is null : false
2023-02-18 17:24:15.633  INFO 18780 --- [DiscoveryClient-CacheRefreshExecutor-0] com.netflix.discovery.DiscoveryClient    : Registered Applications size is zero : true
2023-02-18 17:24:15.633  INFO 18780 --- [DiscoveryClient-CacheRefreshExecutor-0] com.netflix.discovery.DiscoveryClient    : Application version is -1: false
2023-02-18 17:24:15.633  INFO 18780 --- [DiscoveryClient-CacheRefreshExecutor-0] com.netflix.discovery.DiscoveryClient    : Getting all instance registry info from the eureka server
2023-02-18 17:24:15.654  INFO 18780 --- [DiscoveryClient-CacheRefreshExecutor-0] com.netflix.discovery.DiscoveryClient    : The response status is 200
2023-02-18 17:24:17.047  INFO 18780 --- [http-nio-auto-1-exec-1] o.a.c.c.C.[Tomcat].[localhost].[/]       : Initializing Spring DispatcherServlet 'dispatcherServlet'
2023-02-18 17:24:17.047  INFO 18780 --- [http-nio-auto-1-exec-1] o.s.web.servlet.DispatcherServlet        : Initializing Servlet 'dispatcherServlet'
2023-02-18 17:24:17.048  INFO 18780 --- [http-nio-auto-1-exec-1] o.s.web.servlet.DispatcherServlet        : Completed initialization in 1 ms
2023-02-18 17:25:06.100  INFO 18780 --- [http-nio-auto-1-exec-1] o.springdoc.api.AbstractOpenApiResource  : Init duration for springdoc-openapi is: 142 ms
2023-02-18 17:28:45.128  INFO 18780 --- [AsyncResolver-bootstrap-executor-0] c.n.d.s.r.aws.ConfigClusterResolver      : Resolving eureka endpoints via configuration
2023-02-18 17:31:04.996  INFO 18780 --- [SpringApplicationShutdownHook] o.s.c.n.e.s.EurekaServiceRegistry        : Unregistering application MSCLIENTES with eureka with status DOWN
2023-02-18 17:31:04.996  INFO 18780 --- [SpringApplicationShutdownHook] com.netflix.discovery.DiscoveryClient    : Saw local status change event StatusChangeEvent [timestamp=1676752264996, current=DOWN, previous=UP]
2023-02-18 17:31:04.996  INFO 18780 --- [DiscoveryClient-InstanceInfoReplicator-0] com.netflix.discovery.DiscoveryClient    : DiscoveryClient_MSCLIENTES/msclientes:0b0c8ba496b31f59e716e19ef408170d: registering service...
2023-02-18 17:31:05.005  INFO 18780 --- [DiscoveryClient-InstanceInfoReplicator-0] com.netflix.discovery.DiscoveryClient    : DiscoveryClient_MSCLIENTES/msclientes:0b0c8ba496b31f59e716e19ef408170d - registration status: 204
